\BOOKMARK [1][-]{section.1}{Introduction}{}% 1
\BOOKMARK [1][-]{section.2}{MathHub}{}% 2
\BOOKMARK [2][-]{subsection.2.1}{Previous Implementation}{section.2}% 3
\BOOKMARK [1][-]{section.3}{State of the art - Building an interactive Frontend}{}% 4
\BOOKMARK [1][-]{section.4}{Preliminaries}{}% 5
\BOOKMARK [2][-]{subsection.4.1}{The core concept of React}{section.4}% 6
\BOOKMARK [2][-]{subsection.4.2}{Building new components in React}{section.4}% 7
\BOOKMARK [2][-]{subsection.4.3}{MMT and OMDoc}{section.4}% 8
\BOOKMARK [1][-]{section.5}{The Architecture of MathHub}{}% 9
\BOOKMARK [2][-]{subsection.5.1}{MathHub.info Routes}{section.5}% 10
\BOOKMARK [2][-]{subsection.5.2}{Layout}{section.5}% 11
\BOOKMARK [2][-]{subsection.5.3}{Realization}{section.5}% 12
\BOOKMARK [2][-]{subsection.5.4}{Communication with the Backend}{section.5}% 13
\BOOKMARK [1][-]{section.6}{MathHub Library Components}{}% 14
\BOOKMARK [2][-]{subsection.6.1}{Groups}{section.6}% 15
\BOOKMARK [2][-]{subsection.6.2}{Archives}{section.6}% 16
\BOOKMARK [2][-]{subsection.6.3}{Documents}{section.6}% 17
\BOOKMARK [2][-]{subsection.6.4}{Statistics}{section.6}% 18
\BOOKMARK [1][-]{section.7}{The Applications of MathHub}{}% 19
\BOOKMARK [2][-]{subsection.7.1}{Glossary}{section.7}% 20
\BOOKMARK [2][-]{subsection.7.2}{Math Dictionary}{section.7}% 21
\BOOKMARK [1][-]{section.8}{Conclusion}{}% 22
\BOOKMARK [1][-]{section.9}{Future Work}{}% 23
\BOOKMARK [2][-]{subsection.9.1}{TGView}{section.9}% 24
\BOOKMARK [2][-]{subsection.9.2}{MathWebSearch}{section.9}% 25
\BOOKMARK [2][-]{subsection.9.3}{Subset Frontends}{section.9}% 26
\BOOKMARK [2][-]{subsection.9.4}{Issue report: MathHub.info and content}{section.9}% 27
\BOOKMARK [2][-]{subsection.9.5}{Jupyter Integration}{section.9}% 28
